[15:58:24] [Server thread/INFO]: Starting minecraft server version 1.12.2
[15:58:24] [Server thread/INFO]: Loading properties
[15:58:24] [Server console handler/ERROR]: Exception handling console input
java.io.IOException: The handle is invalid
	at java.io.FileInputStream.readBytes(Native Method) ~[?:1.8.0_271]
	at java.io.FileInputStream.read(Unknown Source) ~[?:1.8.0_271]
	at java.io.BufferedInputStream.read1(Unknown Source) ~[?:1.8.0_271]
	at java.io.BufferedInputStream.read(Unknown Source) ~[?:1.8.0_271]
	at sun.nio.cs.StreamDecoder.readBytes(Unknown Source) ~[?:1.8.0_271]
	at sun.nio.cs.StreamDecoder.implRead(Unknown Source) ~[?:1.8.0_271]
	at sun.nio.cs.StreamDecoder.read(Unknown Source) ~[?:1.8.0_271]
	at java.io.InputStreamReader.read(Unknown Source) ~[?:1.8.0_271]
	at java.io.BufferedReader.fill(Unknown Source) ~[?:1.8.0_271]
	at java.io.BufferedReader.readLine(Unknown Source) ~[?:1.8.0_271]
	at java.io.BufferedReader.readLine(Unknown Source) ~[?:1.8.0_271]
	at nz$2.run(SourceFile:100) [minecraft_server.1.12.2.jar:?]
[15:58:24] [Server thread/INFO]: Default game type: SURVIVAL
[15:58:24] [Server thread/INFO]: Generating keypair
[15:58:24] [Server thread/INFO]: Starting Minecraft server on 192.168.1.136:25565
[15:58:24] [Server thread/INFO]: Using default channel type
[15:58:25] [Server thread/WARN]: **** SERVER IS RUNNING IN OFFLINE/INSECURE MODE!
[15:58:25] [Server thread/WARN]: The server will make no attempt to authenticate usernames. Beware.
[15:58:25] [Server thread/WARN]: While this makes the game possible to play without internet access, it also opens up the ability for hackers to connect with any username they choose.
[15:58:25] [Server thread/WARN]: To change this, set "online-mode" to "true" in the server.properties file.
[15:58:25] [Server thread/INFO]: Preparing level "world"
[15:58:26] [Server thread/INFO]: Loaded 488 advancements
[15:58:26] [Server thread/INFO]: Preparing start region for level 0
[15:58:27] [Server thread/INFO]: Preparing spawn area: 5%
[15:58:28] [Server thread/INFO]: Preparing spawn area: 55%
[15:58:28] [Server thread/INFO]: Done (3.529s)! For help, type "help" or "?"
[15:58:29] [Server thread/INFO]: BryBry_slayer[/76.31.42.173:63864] logged in with entity id 210 at (91.55273649564072, 65.0, 313.67823389895347)
[15:58:29] [Server thread/INFO]: BryBry_slayer joined the game
[15:58:33] [Server thread/INFO]: Playpoet[/71.146.125.71:49963] logged in with entity id 482 at (329.63596241521054, 62.0, 147.6999999880791)
[15:58:33] [Server thread/INFO]: Playpoet joined the game
[15:58:35] [Server thread/INFO]: 1AngelIsDaddy0[/70.140.165.29:52992] logged in with entity id 876 at (84.91216802516438, 65.0, 311.2823123260328)
[15:58:35] [Server thread/INFO]: 1AngelIsDaddy0 joined the game
[15:58:38] [Server thread/INFO]: Dextro104[/162.232.151.183:54734] logged in with entity id 974 at (115.94906431374041, 69.0, 399.05645869453355)
[15:58:38] [Server thread/INFO]: Dextro104 joined the game
[16:01:41] [Server thread/WARN]: 1AngelIsDaddy0 was kicked for floating too long!
[16:01:41] [Server thread/INFO]: 1AngelIsDaddy0 lost connection: Flying is not enabled on this server
[16:01:41] [Server thread/INFO]: 1AngelIsDaddy0 left the game
[16:01:41] [Server thread/WARN]: handleDisconnection() called twice
[16:01:47] [Server thread/INFO]: Dextro104 lost connection: Disconnected
[16:01:47] [Server thread/INFO]: Dextro104 left the game
[16:01:59] [Server thread/INFO]: 1AngelIsDaddy0[/70.140.165.29:53009] logged in with entity id 5372 at (100.5, 65.0999984741211, 320.5)
[16:01:59] [Server thread/INFO]: 1AngelIsDaddy0 joined the game
[16:02:09] [Server thread/INFO]: Playpoet lost connection: Disconnected
[16:02:09] [Server thread/INFO]: Playpoet left the game
[16:03:00] [Server thread/INFO]: Playpoet[/71.146.125.71:49971] logged in with entity id 6735 at (310.6122767031511, 71.0, 131.4621593432344)
[16:03:00] [Server thread/INFO]: Playpoet joined the game
[16:03:34] [Server thread/INFO]: 1AngelIsDaddy0 was slain by BryBry_slayer
[16:03:42] [Server thread/INFO]: Dextro104[/162.232.151.183:54762] logged in with entity id 9462 at (102.41851859067089, 65.0, 320.16097354058564)
[16:03:42] [Server thread/INFO]: Dextro104 joined the game
[16:04:34] [Server thread/INFO]: Playpoet lost connection: Disconnected
[16:04:34] [Server thread/INFO]: Playpoet left the game
[16:08:30] [Server thread/INFO]: Dextro104 was slain by BryBry_slayer
[16:08:56] [Server thread/INFO]: Playpoet[/71.146.125.71:49983] logged in with entity id 22404 at (330.49102346738465, 69.02442408821369, 125.59623647991756)
[16:08:56] [Server thread/INFO]: Playpoet joined the game
[16:11:55] [Server thread/INFO]: 1AngelIsDaddy0 burned to death
[16:13:25] [Server thread/INFO]: BryBry_slayer has made the advancement [Isn't It Iron Pick]
[16:16:41] [Server thread/INFO]: 1AngelIsDaddy0 lost connection: Internal Exception: java.io.IOException: An existing connection was forcibly closed by the remote host
[16:16:41] [Server thread/INFO]: 1AngelIsDaddy0 left the game
[16:18:52] [Server thread/INFO]: Dextro104 has made the advancement [Acquire Hardware]
[16:19:14] [Server thread/INFO]: Dextro104 has made the advancement [Isn't It Iron Pick]
[16:31:55] [Server thread/INFO]: 1AngelIsDaddy0[/70.140.165.29:53160] logged in with entity id 73920 at (116.56366688896715, 22.0, 346.69999998807907)
[16:31:55] [Server thread/INFO]: 1AngelIsDaddy0 joined the game
[16:32:54] [Server thread/INFO]: BryBry_slayer has made the advancement [Not Today, Thank You]
[16:34:25] [Server thread/INFO]: Unknown command. Try /help for a list of commands
[16:34:34] [Server thread/INFO]: Unknown command. Try /help for a list of commands
[16:35:29] [Server thread/INFO]: Playpoet lost connection: Disconnected
[16:35:29] [Server thread/INFO]: Playpoet left the game
[16:39:55] [Server thread/INFO]: BryBry_slayer has made the advancement [Suit Up]
[16:42:11] [Server thread/INFO]: Dextro104 lost connection: Internal Exception: java.io.IOException: An existing connection was forcibly closed by the remote host
[16:42:11] [Server thread/INFO]: Dextro104 left the game
[16:42:25] [Server thread/INFO]: 1AngelIsDaddy0 has made the advancement [Suit Up]
[16:47:16] [Server thread/INFO]: 1AngelIsDaddy0 hit the ground too hard
[16:50:59] [Server thread/INFO]: BryBry_slayer lost connection: Disconnected
[16:50:59] [Server thread/INFO]: BryBry_slayer left the game
[16:51:11] [Server thread/INFO]: 1AngelIsDaddy0 lost connection: Internal Exception: java.io.IOException: An existing connection was forcibly closed by the remote host
[16:51:11] [Server thread/INFO]: 1AngelIsDaddy0 left the game
[17:05:20] [Server thread/INFO]: Stopping the server
[17:05:20] [Server thread/INFO]: Stopping server
[17:05:20] [Server thread/INFO]: Saving players
[17:05:20] [Server thread/INFO]: Saving worlds
[17:05:20] [Server thread/INFO]: Saving chunks for level 'world'/overworld
[17:05:20] [Server thread/INFO]: Saving chunks for level 'world'/the_nether
[17:05:20] [Server thread/INFO]: Saving chunks for level 'world'/the_end
